<?xml version="1.0" encoding="UTF-8"?>
<testsuite xmlns:xsi="http://www.w3.org/2001/XMLSchema-instance" xsi:noNamespaceSchemaLocation="https://maven.apache.org/surefire/maven-surefire-plugin/xsd/surefire-test-report.xsd" version="3.0.2" name="com.example.pavsodbackend.PavsodBackendApplicationTests" time="1.995" tests="1" errors="0" skipped="0" failures="0" flakes="0">
  <properties>
[...]
</properties>
  <testcase name="contextLoads" classname="com.example.pavsodbackend.PavsodBackendApplicationTests" time="0.798">
    <system-out><![CDATA[21:58:19.818 [main] INFO org.springframework.test.context.support.AnnotationConfigContextLoaderUtils -- Could not detect default configuration classes for test class [com.example.pavsodbackend.PavsodBackendApplicationTests]: PavsodBackendApplicationTests does not declare any static, non-private, non-final, nested classes annotated with @Configuration.
21:58:19.931 [main] INFO org.springframework.boot.test.context.SpringBootTestContextBootstrapper -- Found @SpringBootConfiguration com.example.pavsodbackend.PavsodBackendApplication for test class com.example.pavsodbackend.PavsodBackendApplicationTests
21:58:20.036 [main] INFO org.springframework.test.context.support.AnnotationConfigContextLoaderUtils -- Could not detect default configuration classes for test class [com.example.pavsodbackend.PavsodBackendApplicationTests]: PavsodBackendApplicationTests does not declare any static, non-private, non-final, nested classes annotated with @Configuration.
21:58:20.038 [main] INFO org.springframework.boot.test.context.SpringBootTestContextBootstrapper -- Found @SpringBootConfiguration com.example.pavsodbackend.PavsodBackendApplication for test class com.example.pavsodbackend.PavsodBackendApplicationTests

  .   ____          _            __ _ _
 /\\ / ___'_ __ _ _(_)_ __  __ _ \ \ \ \
( ( )\___ | '_ | '_| | '_ \/ _` | \ \ \ \
 \\/  ___)| |_)| | | | | || (_| |  ) ) ) )
  '  |____| .__|_| |_|_| |_\__, | / / / /
 =========|_|==============|___/=/_/_/_/

 :: Spring Boot ::                (v4.0.4)

2026-03-20T21:58:20.377+08:00  INFO 8544 --- [pavsod-backend] [           main] c.e.p.PavsodBackendApplicationTests      : Starting PavsodBackendApplicationTests using Java 17.0.12 with PID 8544 (started by QingjiangLi in C:\Users\QingjiangLi\Desktop\pavsod\pavsod-backend)
2026-03-20T21:58:20.379+08:00  INFO 8544 --- [pavsod-backend] [           main] c.e.p.PavsodBackendApplicationTests      : No active profile set, falling back to 1 default profile: "default"
2026-03-20T21:58:20.773+08:00  INFO 8544 --- [pavsod-backend] [           main] c.e.p.PavsodBackendApplicationTests      : Started PavsodBackendApplicationTests in 0.669 seconds (process running for 1.817)
]]></system-out>
  </testcase>
</testsuite>